2024-04-08 13:13:24,003 [INFO] Backed up and hashed file: /home/onezero/LOCK/main/modules/servicemonitor/services.cfg
2024-04-08 13:13:24,378 [INFO] Connected (version 2.0, client OpenSSH_8.9p1)
2024-04-08 13:13:24,715 [INFO] Authentication (password) successful!
2024-04-08 13:13:25,294 [INFO] Backup files and hashes transferred to SCP server.
2024-04-08 13:14:30,299 [WARNING] File changed or corrupted: /home/onezero/LOCK/main/modules/servicemonitor/services.cfg
2024-04-08 13:14:30,300 [ERROR] Backup file not found for services.cfg
2024-04-08 13:14:35,301 [WARNING] File changed or corrupted: /home/onezero/LOCK/main/modules/servicemonitor/services.cfg
2024-04-08 13:14:35,301 [ERROR] Backup file not found for services.cfg
2024-04-08 13:14:40,302 [WARNING] File changed or corrupted: /home/onezero/LOCK/main/modules/servicemonitor/services.cfg
2024-04-08 13:14:40,303 [ERROR] Backup file not found for services.cfg
2024-04-08 13:14:45,303 [WARNING] File changed or corrupted: /home/onezero/LOCK/main/modules/servicemonitor/services.cfg
2024-04-08 13:14:45,303 [ERROR] Backup file not found for services.cfg
2024-04-08 13:14:50,304 [WARNING] File changed or corrupted: /home/onezero/LOCK/main/modules/servicemonitor/services.cfg
2024-04-08 13:14:50,304 [ERROR] Backup file not found for services.cfg
2024-04-08 13:14:55,305 [WARNING] File changed or corrupted: /home/onezero/LOCK/main/modules/servicemonitor/services.cfg
2024-04-08 13:14:55,305 [ERROR] Backup file not found for services.cfg
2024-04-08 13:14:56,775 [INFO] Received stop signal, shutting down...
2024-04-08 13:23:22,793 [INFO] Backed up and hashed file: /home/onezero/LOCK/main/modules/servicemonitor/services.cfg
2024-04-08 13:24:26,586 [INFO] Received stop signal, shutting down...
2024-04-08 13:24:36,021 [INFO] Received stop signal, shutting down...
2024-04-08 13:24:36,560 [INFO] Received stop signal, shutting down...
2024-04-08 13:24:47,847 [INFO] Received stop signal, shutting down...
2024-04-08 13:24:48,106 [INFO] Received stop signal, shutting down...
2024-04-08 13:24:52,874 [INFO] Received stop signal, shutting down...
2024-04-08 13:24:53,041 [INFO] Received stop signal, shutting down...
2024-04-08 13:24:53,238 [INFO] Received stop signal, shutting down...
2024-04-08 13:24:53,404 [INFO] Received stop signal, shutting down...
2024-04-08 13:24:53,583 [INFO] Received stop signal, shutting down...
2024-04-08 13:24:53,760 [INFO] Received stop signal, shutting down...
2024-04-08 13:24:53,936 [INFO] Received stop signal, shutting down...
2024-04-08 13:24:54,122 [INFO] Received stop signal, shutting down...
2024-04-08 13:24:54,382 [INFO] Received stop signal, shutting down...
2024-04-08 13:24:54,576 [INFO] Received stop signal, shutting down...
2024-04-08 13:24:54,738 [INFO] Received stop signal, shutting down...
2024-04-08 13:25:18,084 [INFO] Backed up and hashed file: /home/onezero/LOCK/main/modules/servicemonitor/services.cfg
2024-04-08 13:25:45,712 [INFO] Received stop signal, shutting down...
2024-04-08 13:26:54,452 [INFO] Backed up and hashed file: /home/onezero/LOCK/main/modules/servicemonitor/services.cfg
2024-04-08 13:26:54,997 [INFO] Connected (version 2.0, client OpenSSH_8.9p1)
2024-04-08 13:26:55,258 [INFO] Authentication (password) successful!
2024-04-08 13:28:56,026 [INFO] Backed up and hashed file: /home/onezero/LOCK/main/modules/servicemonitor/services.cfg
2024-04-08 13:28:56,266 [INFO] Connected (version 2.0, client OpenSSH_8.9p1)
2024-04-08 13:28:56,637 [INFO] Authentication (password) successful!
2024-04-08 13:29:51,071 [INFO] Backed up and hashed file: /home/onezero/LOCK/main/modules/servicemonitor/services.cfg
2024-04-08 13:29:51,202 [INFO] Connected (version 2.0, client OpenSSH_8.9p1)
2024-04-08 13:29:51,562 [INFO] Authentication (password) successful!
2024-04-08 13:29:52,443 [INFO] Backup files and manifest transferred to SCP server.
2024-04-08 13:29:52,541 [INFO] Connected (version 2.0, client OpenSSH_8.9p1)
2024-04-08 13:29:52,941 [INFO] Authentication (password) successful!
2024-04-08 13:31:43,408 [WARNING] File changed or corrupted: /home/onezero/LOCK/main/modules/servicemonitor/services.cfg
2024-04-08 13:31:43,703 [INFO] Restored file from backup: services.cfg
